<?xml version="1.0" encoding="UTF-8"?>
<!-- Generated by org.testng.reporters.JUnitReportReporter -->
<testsuite hostname="vaibhav-Inspiron-1545" failures="0" tests="6" name="test1.ComplexJsonParse" time="4.882" errors="0" timestamp="2021-05-21T20:19:00 IST" skipped="0">
  <testcase classname="test1.ComplexJsonParse" name="verifyCourseSize" time="3.655"/>
  <testcase classname="test1.ComplexJsonParse" name="verifyPurchaseAmount" time="0.061"/>
  <testcase classname="test1.ComplexJsonParse" name="verifyTitlesAndPrices" time="0.327"/>
  <testcase classname="test1.ComplexJsonParse" name="verifyFirstCourseTitle" time="0.169"/>
  <testcase classname="test1.ComplexJsonParse" name="verifyPurchaseAmountwithBooksSelling" time="0.425"/>
  <testcase classname="test1.ComplexJsonParse" name="verifyRPACoursePrice" time="0.245"/>
</testsuite> <!-- test1.ComplexJsonParse -->
